2018-12-03 11:53:04 11240 [Note] Plugin 'FEDERATED' is disabled.
2018-12-03 11:53:04 11240 [Note] InnoDB: The InnoDB memory heap is disabled
2018-12-03 11:53:04 11240 [Note] InnoDB: Mutexes and rw_locks use Windows interlocked functions
2018-12-03 11:53:04 11240 [Note] InnoDB: Compressed tables use zlib 1.2.3
2018-12-03 11:53:04 11240 [Note] InnoDB: Not using CPU crc32 instructions
2018-12-03 11:53:05 11240 [Note] InnoDB: Initializing buffer pool, size = 128.0M
2018-12-03 11:53:05 11240 [Note] InnoDB: Completed initialization of buffer pool
2018-12-03 11:53:05 11240 [Note] InnoDB: Setting log file C:\Users\PAR18161671\Documents\neueda-git\neueda-springboot-2018\usbwebserver\mysql\data\ib_logfile101 size to 5 MB
2018-12-03 11:53:05 11240 [Note] InnoDB: Setting log file C:\Users\PAR18161671\Documents\neueda-git\neueda-springboot-2018\usbwebserver\mysql\data\ib_logfile1 size to 5 MB
2018-12-03 11:53:05 11240 [Note] InnoDB: Renaming log file C:\Users\PAR18161671\Documents\neueda-git\neueda-springboot-2018\usbwebserver\mysql\data\ib_logfile101 to C:\Users\PAR18161671\Documents\neueda-git\neueda-springboot-2018\usbwebserver\mysql\data\ib_logfile0
2018-12-03 11:53:05 11240 [Warning] InnoDB: New log files created, LSN=1626134
2018-12-03 11:53:05 11240 [Note] InnoDB: Highest supported file format is Barracuda.
2018-12-03 11:53:06 11240 [Note] InnoDB: 128 rollback segment(s) are active.
2018-12-03 11:53:06 11240 [Note] InnoDB: Waiting for purge to start
2018-12-03 11:53:06 11240 [Note] InnoDB: 5.6.13 started; log sequence number 1626636
2018-12-03 11:53:06 11240 [Warning] No existing UUID has been found, so we assume that this is the first time that this server has been started. Generating a new UUID: ff564047-f6f1-11e8-a7d0-40a8f0429b72.
2018-12-03 11:53:06 11240 [Note] Server hostname (bind-address): '*'; port: 3307
2018-12-03 11:53:06 11240 [Note] IPv6 is available.
2018-12-03 11:53:06 11240 [Note]   - '::' resolves to '::';
2018-12-03 11:53:06 11240 [Note] Server socket created on IP: '::'.
2018-12-03 12:14:23 10588 [Note] Plugin 'FEDERATED' is disabled.
2018-12-03 12:14:23 10588 [Note] InnoDB: The InnoDB memory heap is disabled
2018-12-03 12:14:23 10588 [Note] InnoDB: Mutexes and rw_locks use Windows interlocked functions
2018-12-03 12:14:23 10588 [Note] InnoDB: Compressed tables use zlib 1.2.3
2018-12-03 12:14:23 10588 [Note] InnoDB: Not using CPU crc32 instructions
2018-12-03 12:14:23 10588 [Note] InnoDB: Initializing buffer pool, size = 128.0M
2018-12-03 12:14:23 10588 [Note] InnoDB: Completed initialization of buffer pool
2018-12-03 12:14:23 10588 [Note] InnoDB: Highest supported file format is Barracuda.
2018-12-03 12:14:23 10588 [Note] InnoDB: The log sequence numbers 1626134 and 1626134 in ibdata files do not match the log sequence number 1626646 in the ib_logfiles!
2018-12-03 12:14:23 10588 [Note] InnoDB: Database was not shutdown normally!
2018-12-03 12:14:23 10588 [Note] InnoDB: Starting crash recovery.
2018-12-03 12:14:23 10588 [Note] InnoDB: Reading tablespace information from the .ibd files...
2018-12-03 12:14:23 10588 [Note] InnoDB: Restoring possible half-written data pages 
2018-12-03 12:14:23 10588 [Note] InnoDB: from the doublewrite buffer...
2018-12-03 12:14:24 10588 [Note] InnoDB: 128 rollback segment(s) are active.
2018-12-03 12:14:24 10588 [Note] InnoDB: Waiting for purge to start
2018-12-03 12:14:24 10588 [Note] InnoDB: 5.6.13 started; log sequence number 1626646
2018-12-03 12:14:24 10588 [Note] Server hostname (bind-address): '*'; port: 3306
2018-12-03 12:14:24 10588 [Note] IPv6 is available.
2018-12-03 12:14:24 10588 [Note]   - '::' resolves to '::';
2018-12-03 12:14:24 10588 [Note] Server socket created on IP: '::'.
2018-12-03 12:15:16 11356 [Note] Plugin 'FEDERATED' is disabled.
2018-12-03 12:15:16 11356 [Note] InnoDB: The InnoDB memory heap is disabled
2018-12-03 12:15:16 11356 [Note] InnoDB: Mutexes and rw_locks use Windows interlocked functions
2018-12-03 12:15:16 11356 [Note] InnoDB: Compressed tables use zlib 1.2.3
2018-12-03 12:15:16 11356 [Note] InnoDB: Not using CPU crc32 instructions
2018-12-03 12:15:16 11356 [Note] InnoDB: Initializing buffer pool, size = 128.0M
2018-12-03 12:15:16 11356 [Note] InnoDB: Completed initialization of buffer pool
2018-12-03 12:15:16 11356 [Note] InnoDB: Highest supported file format is Barracuda.
2018-12-03 12:15:16 11356 [Note] InnoDB: The log sequence numbers 1626134 and 1626134 in ibdata files do not match the log sequence number 1626656 in the ib_logfiles!
2018-12-03 12:15:16 11356 [Note] InnoDB: Database was not shutdown normally!
2018-12-03 12:15:16 11356 [Note] InnoDB: Starting crash recovery.
2018-12-03 12:15:16 11356 [Note] InnoDB: Reading tablespace information from the .ibd files...
2018-12-03 12:15:16 11356 [Note] InnoDB: Restoring possible half-written data pages 
2018-12-03 12:15:16 11356 [Note] InnoDB: from the doublewrite buffer...
2018-12-03 12:15:17 11356 [Note] InnoDB: 128 rollback segment(s) are active.
2018-12-03 12:15:17 11356 [Note] InnoDB: Waiting for purge to start
2018-12-03 12:15:17 11356 [Note] InnoDB: 5.6.13 started; log sequence number 1626656
2018-12-03 12:15:17 11356 [Note] Server hostname (bind-address): '*'; port: 3306
2018-12-03 12:15:17 11356 [Note] IPv6 is available.
2018-12-03 12:15:17 11356 [Note]   - '::' resolves to '::';
2018-12-03 12:15:17 11356 [Note] Server socket created on IP: '::'.
2018-12-04 09:37:27 3452 [Note] Plugin 'FEDERATED' is disabled.
2018-12-04 09:37:27 3452 [Note] InnoDB: The InnoDB memory heap is disabled
2018-12-04 09:37:27 3452 [Note] InnoDB: Mutexes and rw_locks use Windows interlocked functions
2018-12-04 09:37:27 3452 [Note] InnoDB: Compressed tables use zlib 1.2.3
2018-12-04 09:37:27 3452 [Note] InnoDB: Not using CPU crc32 instructions
2018-12-04 09:37:27 3452 [Note] InnoDB: Initializing buffer pool, size = 128.0M
2018-12-04 09:37:27 3452 [Note] InnoDB: Completed initialization of buffer pool
2018-12-04 09:37:27 3452 [Note] InnoDB: Highest supported file format is Barracuda.
2018-12-04 09:37:27 3452 [Note] InnoDB: The log sequence numbers 1626134 and 1626134 in ibdata files do not match the log sequence number 1626666 in the ib_logfiles!
2018-12-04 09:37:27 3452 [Note] InnoDB: Database was not shutdown normally!
2018-12-04 09:37:27 3452 [Note] InnoDB: Starting crash recovery.
2018-12-04 09:37:27 3452 [Note] InnoDB: Reading tablespace information from the .ibd files...
2018-12-04 09:37:27 3452 [Note] InnoDB: Restoring possible half-written data pages 
2018-12-04 09:37:27 3452 [Note] InnoDB: from the doublewrite buffer...
2018-12-04 09:37:30 3452 [Note] InnoDB: 128 rollback segment(s) are active.
2018-12-04 09:37:30 3452 [Note] InnoDB: Waiting for purge to start
2018-12-04 09:37:30 3452 [Note] InnoDB: 5.6.13 started; log sequence number 1626666
2018-12-04 09:37:30 3452 [Note] Server hostname (bind-address): '*'; port: 3306
2018-12-04 09:37:30 3452 [Note] IPv6 is available.
2018-12-04 09:37:30 3452 [Note]   - '::' resolves to '::';
2018-12-04 09:37:30 3452 [Note] Server socket created on IP: '::'.
2018-12-05 09:23:11 11992 [Note] Plugin 'FEDERATED' is disabled.
2018-12-05 09:23:17 11992 [Note] InnoDB: The InnoDB memory heap is disabled
2018-12-05 09:23:17 11992 [Note] InnoDB: Mutexes and rw_locks use Windows interlocked functions
2018-12-05 09:23:17 11992 [Note] InnoDB: Compressed tables use zlib 1.2.3
2018-12-05 09:23:19 11992 [Note] InnoDB: Not using CPU crc32 instructions
2018-12-05 09:23:20 11992 [Note] InnoDB: Initializing buffer pool, size = 128.0M
2018-12-05 09:23:21 11992 [Note] InnoDB: Completed initialization of buffer pool
2018-12-05 09:23:27 11992 [Note] InnoDB: Highest supported file format is Barracuda.
2018-12-05 09:23:27 11992 [Note] InnoDB: The log sequence numbers 1626134 and 1626134 in ibdata files do not match the log sequence number 1626676 in the ib_logfiles!
2018-12-05 09:23:27 11992 [Note] InnoDB: Database was not shutdown normally!
2018-12-05 09:23:27 11992 [Note] InnoDB: Starting crash recovery.
2018-12-05 09:23:27 11992 [Note] InnoDB: Reading tablespace information from the .ibd files...
2018-12-05 09:23:34 11992 [Note] InnoDB: Restoring possible half-written data pages 
2018-12-05 09:23:34 11992 [Note] InnoDB: from the doublewrite buffer...
2018-12-05 09:23:59 11992 [Note] InnoDB: 128 rollback segment(s) are active.
2018-12-05 09:24:00 11992 [Note] InnoDB: Waiting for purge to start
2018-12-05 09:24:01 11992 [Note] InnoDB: 5.6.13 started; log sequence number 1626676
2018-12-05 09:24:06 11992 [Note] Server hostname (bind-address): '*'; port: 3306
2018-12-05 09:24:06 11992 [Note] IPv6 is available.
2018-12-05 09:24:06 11992 [Note]   - '::' resolves to '::';
2018-12-05 09:24:06 11992 [Note] Server socket created on IP: '::'.
2018-12-06 09:33:46 10972 [Note] Plugin 'FEDERATED' is disabled.
2018-12-06 09:33:46 10972 [Note] InnoDB: The InnoDB memory heap is disabled
2018-12-06 09:33:46 10972 [Note] InnoDB: Mutexes and rw_locks use Windows interlocked functions
2018-12-06 09:33:46 10972 [Note] InnoDB: Compressed tables use zlib 1.2.3
2018-12-06 09:33:46 10972 [Note] InnoDB: Not using CPU crc32 instructions
2018-12-06 09:33:46 10972 [Note] InnoDB: Initializing buffer pool, size = 128.0M
2018-12-06 09:33:46 10972 [Note] InnoDB: Completed initialization of buffer pool
2018-12-06 09:33:47 10972 [Note] InnoDB: Highest supported file format is Barracuda.
2018-12-06 09:33:47 10972 [Note] InnoDB: The log sequence numbers 1626134 and 1626134 in ibdata files do not match the log sequence number 1626686 in the ib_logfiles!
2018-12-06 09:33:47 10972 [Note] InnoDB: Database was not shutdown normally!
2018-12-06 09:33:47 10972 [Note] InnoDB: Starting crash recovery.
2018-12-06 09:33:47 10972 [Note] InnoDB: Reading tablespace information from the .ibd files...
2018-12-06 09:33:47 10972 [Note] InnoDB: Restoring possible half-written data pages 
2018-12-06 09:33:47 10972 [Note] InnoDB: from the doublewrite buffer...
2018-12-06 09:33:47 10972 [Note] InnoDB: 128 rollback segment(s) are active.
2018-12-06 09:33:47 10972 [Note] InnoDB: Waiting for purge to start
2018-12-06 09:33:47 10972 [Note] InnoDB: 5.6.13 started; log sequence number 1626686
2018-12-06 09:33:48 10972 [Note] Server hostname (bind-address): '*'; port: 3306
2018-12-06 09:33:48 10972 [Note] IPv6 is available.
2018-12-06 09:33:48 10972 [Note]   - '::' resolves to '::';
2018-12-06 09:33:48 10972 [Note] Server socket created on IP: '::'.
2018-12-07 10:28:17 3056 [Note] Plugin 'FEDERATED' is disabled.
2018-12-07 10:28:17 3056 [Note] InnoDB: The InnoDB memory heap is disabled
2018-12-07 10:28:17 3056 [Note] InnoDB: Mutexes and rw_locks use Windows interlocked functions
2018-12-07 10:28:17 3056 [Note] InnoDB: Compressed tables use zlib 1.2.3
2018-12-07 10:28:17 3056 [Note] InnoDB: Not using CPU crc32 instructions
2018-12-07 10:28:17 3056 [Note] InnoDB: Initializing buffer pool, size = 128.0M
2018-12-07 10:28:17 3056 [Note] InnoDB: Completed initialization of buffer pool
2018-12-07 10:28:17 3056 [Note] InnoDB: Highest supported file format is Barracuda.
2018-12-07 10:28:17 3056 [Note] InnoDB: The log sequence numbers 1626134 and 1626134 in ibdata files do not match the log sequence number 1626696 in the ib_logfiles!
2018-12-07 10:28:17 3056 [Note] InnoDB: Database was not shutdown normally!
2018-12-07 10:28:17 3056 [Note] InnoDB: Starting crash recovery.
2018-12-07 10:28:17 3056 [Note] InnoDB: Reading tablespace information from the .ibd files...
2018-12-07 10:28:17 3056 [Note] InnoDB: Restoring possible half-written data pages 
2018-12-07 10:28:17 3056 [Note] InnoDB: from the doublewrite buffer...
2018-12-07 10:28:18 3056 [Note] InnoDB: 128 rollback segment(s) are active.
2018-12-07 10:28:18 3056 [Note] InnoDB: Waiting for purge to start
2018-12-07 10:28:18 3056 [Note] InnoDB: 5.6.13 started; log sequence number 1626696
2018-12-07 10:28:18 3056 [Note] Server hostname (bind-address): '*'; port: 3306
2018-12-07 10:28:18 3056 [Note] IPv6 is available.
2018-12-07 10:28:18 3056 [Note]   - '::' resolves to '::';
2018-12-07 10:28:18 3056 [Note] Server socket created on IP: '::'.
2018-12-10 11:20:55 12392 [Note] Plugin 'FEDERATED' is disabled.
2018-12-10 11:20:55 12392 [Note] InnoDB: The InnoDB memory heap is disabled
2018-12-10 11:20:55 12392 [Note] InnoDB: Mutexes and rw_locks use Windows interlocked functions
2018-12-10 11:20:55 12392 [Note] InnoDB: Compressed tables use zlib 1.2.3
2018-12-10 11:20:55 12392 [Note] InnoDB: Not using CPU crc32 instructions
2018-12-10 11:20:55 12392 [Note] InnoDB: Initializing buffer pool, size = 128.0M
2018-12-10 11:20:55 12392 [Note] InnoDB: Completed initialization of buffer pool
2018-12-10 11:20:55 12392 [Note] InnoDB: Highest supported file format is Barracuda.
2018-12-10 11:20:55 12392 [Note] InnoDB: The log sequence numbers 1626134 and 1626134 in ibdata files do not match the log sequence number 1626706 in the ib_logfiles!
2018-12-10 11:20:55 12392 [Note] InnoDB: Database was not shutdown normally!
2018-12-10 11:20:55 12392 [Note] InnoDB: Starting crash recovery.
2018-12-10 11:20:55 12392 [Note] InnoDB: Reading tablespace information from the .ibd files...
2018-12-10 11:20:55 12392 [Note] InnoDB: Restoring possible half-written data pages 
2018-12-10 11:20:55 12392 [Note] InnoDB: from the doublewrite buffer...
2018-12-10 11:20:55 12392 [Note] InnoDB: 128 rollback segment(s) are active.
2018-12-10 11:20:55 12392 [Note] InnoDB: Waiting for purge to start
2018-12-10 11:20:56 12392 [Note] InnoDB: 5.6.13 started; log sequence number 1626706
2018-12-10 11:20:56 12392 [Note] Server hostname (bind-address): '*'; port: 3306
2018-12-10 11:20:56 12392 [Note] IPv6 is available.
2018-12-10 11:20:56 12392 [Note]   - '::' resolves to '::';
2018-12-10 11:20:56 12392 [Note] Server socket created on IP: '::'.
2018-12-10 11:21:00 12392 [Note] Event Scheduler: Loaded 0 events
2018-12-10 11:21:00 12392 [Note] C:\Users\PAR18161671\Documents\neueda-git\neueda-springboot-2018\usbwebserver/mysql/bin/mysqld_usbwv8.exe: ready for connections.
Version: '5.6.13'  socket: ''  port: 3306  MySQL Community Server (GPL)
2018-12-11 09:49:07 7832 [Note] Plugin 'FEDERATED' is disabled.
2018-12-11 09:49:07 7832 [Note] InnoDB: The InnoDB memory heap is disabled
2018-12-11 09:49:07 7832 [Note] InnoDB: Mutexes and rw_locks use Windows interlocked functions
2018-12-11 09:49:07 7832 [Note] InnoDB: Compressed tables use zlib 1.2.3
2018-12-11 09:49:07 7832 [Note] InnoDB: Not using CPU crc32 instructions
2018-12-11 09:49:07 7832 [Note] InnoDB: Initializing buffer pool, size = 128.0M
2018-12-11 09:49:07 7832 [Note] InnoDB: Completed initialization of buffer pool
2018-12-11 09:49:08 7832 [Note] InnoDB: Highest supported file format is Barracuda.
2018-12-11 09:49:08 7832 [Note] InnoDB: The log sequence numbers 1626134 and 1626134 in ibdata files do not match the log sequence number 1626716 in the ib_logfiles!
2018-12-11 09:49:08 7832 [Note] InnoDB: Database was not shutdown normally!
2018-12-11 09:49:08 7832 [Note] InnoDB: Starting crash recovery.
2018-12-11 09:49:08 7832 [Note] InnoDB: Reading tablespace information from the .ibd files...
2018-12-11 09:49:08 7832 [Note] InnoDB: Restoring possible half-written data pages 
2018-12-11 09:49:08 7832 [Note] InnoDB: from the doublewrite buffer...
2018-12-11 09:49:11 7832 [Note] InnoDB: 128 rollback segment(s) are active.
2018-12-11 09:49:11 7832 [Note] InnoDB: Waiting for purge to start
2018-12-11 09:49:11 7832 [Note] InnoDB: 5.6.13 started; log sequence number 1626716
2018-12-11 09:49:11 7832 [Note] Server hostname (bind-address): '*'; port: 3306
2018-12-11 09:49:11 7832 [Note] IPv6 is available.
2018-12-11 09:49:11 7832 [Note]   - '::' resolves to '::';
2018-12-11 09:49:11 7832 [Note] Server socket created on IP: '::'.
2018-12-12 10:11:13 504 [Note] Plugin 'FEDERATED' is disabled.
2018-12-12 10:11:14 504 [Note] InnoDB: The InnoDB memory heap is disabled
2018-12-12 10:11:14 504 [Note] InnoDB: Mutexes and rw_locks use Windows interlocked functions
2018-12-12 10:11:14 504 [Note] InnoDB: Compressed tables use zlib 1.2.3
2018-12-12 10:11:14 504 [Note] InnoDB: Not using CPU crc32 instructions
2018-12-12 10:11:14 504 [Note] InnoDB: Initializing buffer pool, size = 128.0M
2018-12-12 10:11:14 504 [Note] InnoDB: Completed initialization of buffer pool
2018-12-12 10:11:14 504 [Note] InnoDB: Highest supported file format is Barracuda.
2018-12-12 10:11:14 504 [Note] InnoDB: The log sequence numbers 1626134 and 1626134 in ibdata files do not match the log sequence number 1626726 in the ib_logfiles!
2018-12-12 10:11:14 504 [Note] InnoDB: Database was not shutdown normally!
2018-12-12 10:11:14 504 [Note] InnoDB: Starting crash recovery.
2018-12-12 10:11:14 504 [Note] InnoDB: Reading tablespace information from the .ibd files...
2018-12-12 10:11:15 504 [Note] InnoDB: Restoring possible half-written data pages 
2018-12-12 10:11:15 504 [Note] InnoDB: from the doublewrite buffer...
2018-12-12 10:11:18 504 [Note] InnoDB: 128 rollback segment(s) are active.
2018-12-12 10:11:19 504 [Note] InnoDB: Waiting for purge to start
2018-12-12 10:11:19 504 [Note] InnoDB: 5.6.13 started; log sequence number 1626726
2018-12-12 10:11:19 504 [Note] Server hostname (bind-address): '*'; port: 3306
2018-12-12 10:11:19 504 [Note] IPv6 is available.
2018-12-12 10:11:19 504 [Note]   - '::' resolves to '::';
2018-12-12 10:11:19 504 [Note] Server socket created on IP: '::'.
